2024/05/25 05:51:37 [notice] 1#1: using the "epoll" event method
2024/05/25 05:51:37 [notice] 1#1: nginx/1.25.5
2024/05/25 05:51:37 [notice] 1#1: built by gcc 13.2.1 20231014 (Alpine 13.2.1_git20231014) 
2024/05/25 05:51:37 [notice] 1#1: OS: Linux 5.15.133.1-microsoft-standard-WSL2
2024/05/25 05:51:37 [notice] 1#1: getrlimit(RLIMIT_NOFILE): 1048576:1048576
2024/05/25 05:51:37 [notice] 1#1: start worker processes
2024/05/25 05:51:37 [notice] 1#1: start worker process 20
2024/05/25 05:51:37 [notice] 1#1: start worker process 21
2024/05/25 05:51:37 [notice] 1#1: start worker process 22
2024/05/25 05:51:37 [notice] 1#1: start worker process 23
2024/05/25 05:51:37 [notice] 1#1: start worker process 24
2024/05/25 05:51:37 [notice] 1#1: start worker process 25
2024/05/25 05:51:37 [notice] 1#1: start worker process 26
2024/05/25 05:51:37 [notice] 1#1: start worker process 27
2024/05/25 05:51:37 [notice] 1#1: start worker process 28
2024/05/25 05:51:37 [notice] 1#1: start worker process 29
2024/05/25 05:51:37 [notice] 1#1: start worker process 30
2024/05/25 05:51:37 [notice] 1#1: start worker process 31
2024/05/25 06:48:38 [notice] 1#1: signal 3 (SIGQUIT) received, shutting down
2024/05/25 06:48:38 [notice] 20#20: gracefully shutting down
2024/05/25 06:48:38 [notice] 21#21: gracefully shutting down
2024/05/25 06:48:38 [notice] 22#22: gracefully shutting down
2024/05/25 06:48:38 [notice] 24#24: gracefully shutting down
2024/05/25 06:48:38 [notice] 27#27: gracefully shutting down
2024/05/25 06:48:38 [notice] 22#22: exiting
2024/05/25 06:48:38 [notice] 25#25: gracefully shutting down
2024/05/25 06:48:38 [notice] 28#28: gracefully shutting down
2024/05/25 06:48:38 [notice] 29#29: gracefully shutting down
2024/05/25 06:48:38 [notice] 26#26: gracefully shutting down
2024/05/25 06:48:38 [notice] 28#28: exiting
2024/05/25 06:48:38 [notice] 23#23: gracefully shutting down
2024/05/25 06:48:38 [notice] 31#31: gracefully shutting down
2024/05/25 06:48:38 [notice] 30#30: gracefully shutting down
2024/05/25 06:48:38 [notice] 31#31: exiting
2024/05/25 06:48:38 [notice] 20#20: exiting
2024/05/25 06:48:38 [notice] 31#31: exit
2024/05/25 06:48:38 [notice] 20#20: exit
2024/05/25 06:48:38 [notice] 30#30: exiting
2024/05/25 06:48:38 [notice] 21#21: exiting
2024/05/25 06:48:38 [notice] 21#21: exit
2024/05/25 06:48:38 [notice] 24#24: exiting
2024/05/25 06:48:38 [notice] 24#24: exit
2024/05/25 06:48:38 [notice] 27#27: exiting
2024/05/25 06:48:38 [notice] 27#27: exit
2024/05/25 06:48:38 [notice] 22#22: exit
2024/05/25 06:48:38 [notice] 25#25: exiting
2024/05/25 06:48:38 [notice] 29#29: exiting
2024/05/25 06:48:38 [notice] 28#28: exit
2024/05/25 06:48:38 [notice] 29#29: exit
2024/05/25 06:48:38 [notice] 26#26: exiting
2024/05/25 06:48:38 [notice] 26#26: exit
2024/05/25 06:48:38 [notice] 23#23: exiting
2024/05/25 06:48:38 [notice] 30#30: exit
2024/05/25 06:48:38 [notice] 25#25: exit
2024/05/25 06:48:38 [notice] 23#23: exit
2024/05/25 06:48:38 [notice] 1#1: signal 17 (SIGCHLD) received from 24
2024/05/25 06:48:38 [notice] 1#1: worker process 24 exited with code 0
2024/05/25 06:48:38 [notice] 1#1: worker process 28 exited with code 0
2024/05/25 06:48:38 [notice] 1#1: worker process 31 exited with code 0
2024/05/25 06:48:38 [notice] 1#1: signal 29 (SIGIO) received
2024/05/25 06:48:38 [notice] 1#1: signal 17 (SIGCHLD) received from 28
2024/05/25 06:48:38 [notice] 1#1: signal 17 (SIGCHLD) received from 29
2024/05/25 06:48:38 [notice] 1#1: worker process 20 exited with code 0
2024/05/25 06:48:38 [notice] 1#1: worker process 21 exited with code 0
2024/05/25 06:48:38 [notice] 1#1: worker process 23 exited with code 0
2024/05/25 06:48:38 [notice] 1#1: worker process 25 exited with code 0
2024/05/25 06:48:38 [notice] 1#1: worker process 26 exited with code 0
2024/05/25 06:48:38 [notice] 1#1: worker process 27 exited with code 0
2024/05/25 06:48:38 [notice] 1#1: worker process 29 exited with code 0
2024/05/25 06:48:38 [notice] 1#1: signal 29 (SIGIO) received
2024/05/25 06:48:38 [notice] 1#1: signal 17 (SIGCHLD) received from 26
2024/05/25 06:48:38 [notice] 1#1: signal 17 (SIGCHLD) received from 22
2024/05/25 06:48:38 [notice] 1#1: worker process 22 exited with code 0
2024/05/25 06:48:38 [notice] 1#1: signal 29 (SIGIO) received
2024/05/25 06:48:38 [notice] 1#1: signal 17 (SIGCHLD) received from 30
2024/05/25 06:48:38 [notice] 1#1: worker process 30 exited with code 0
2024/05/25 06:48:38 [notice] 1#1: exit
2024/05/25 06:48:45 [notice] 1#1: using the "epoll" event method
2024/05/25 06:48:45 [notice] 1#1: nginx/1.25.5
2024/05/25 06:48:45 [notice] 1#1: built by gcc 13.2.1 20231014 (Alpine 13.2.1_git20231014) 
2024/05/25 06:48:45 [notice] 1#1: OS: Linux 5.15.133.1-microsoft-standard-WSL2
2024/05/25 06:48:45 [notice] 1#1: getrlimit(RLIMIT_NOFILE): 1048576:1048576
2024/05/25 06:48:45 [notice] 1#1: start worker processes
2024/05/25 06:48:45 [notice] 1#1: start worker process 20
2024/05/25 06:48:45 [notice] 1#1: start worker process 21
2024/05/25 06:48:45 [notice] 1#1: start worker process 22
2024/05/25 06:48:45 [notice] 1#1: start worker process 23
2024/05/25 06:48:45 [notice] 1#1: start worker process 24
2024/05/25 06:48:45 [notice] 1#1: start worker process 25
2024/05/25 06:48:45 [notice] 1#1: start worker process 26
2024/05/25 06:48:45 [notice] 1#1: start worker process 27
2024/05/25 06:48:45 [notice] 1#1: start worker process 28
2024/05/25 06:48:45 [notice] 1#1: start worker process 29
2024/05/25 06:48:45 [notice] 1#1: start worker process 30
2024/05/25 06:48:45 [notice] 1#1: start worker process 31
2024/05/25 09:33:14 [notice] 1#1: signal 3 (SIGQUIT) received, shutting down
2024/05/25 09:33:14 [notice] 20#20: gracefully shutting down
2024/05/25 09:33:14 [notice] 22#22: gracefully shutting down
2024/05/25 09:33:14 [notice] 27#27: gracefully shutting down
2024/05/25 09:33:14 [notice] 30#30: gracefully shutting down
2024/05/25 09:33:14 [notice] 24#24: gracefully shutting down
2024/05/25 09:33:14 [notice] 21#21: gracefully shutting down
2024/05/25 09:33:14 [notice] 29#29: gracefully shutting down
2024/05/25 09:33:14 [notice] 25#25: gracefully shutting down
2024/05/25 09:33:14 [notice] 23#23: gracefully shutting down
2024/05/25 09:33:14 [notice] 26#26: gracefully shutting down
2024/05/25 09:33:14 [notice] 20#20: exiting
2024/05/25 09:33:14 [notice] 28#28: gracefully shutting down
2024/05/25 09:33:14 [notice] 31#31: gracefully shutting down
2024/05/25 09:33:14 [notice] 30#30: exiting
2024/05/25 09:33:14 [notice] 30#30: exit
2024/05/25 09:33:14 [notice] 27#27: exiting
2024/05/25 09:33:14 [notice] 29#29: exiting
2024/05/25 09:33:14 [notice] 24#24: exiting
2024/05/25 09:33:14 [notice] 21#21: exiting
2024/05/25 09:33:14 [notice] 23#23: exiting
2024/05/25 09:33:14 [notice] 21#21: exit
2024/05/25 09:33:14 [notice] 22#22: exiting
2024/05/25 09:33:14 [notice] 26#26: exiting
2024/05/25 09:33:14 [notice] 26#26: exit
2024/05/25 09:33:14 [notice] 20#20: exit
2024/05/25 09:33:14 [notice] 28#28: exiting
2024/05/25 09:33:14 [notice] 31#31: exiting
2024/05/25 09:33:14 [notice] 25#25: exiting
2024/05/25 09:33:14 [notice] 27#27: exit
2024/05/25 09:33:14 [notice] 29#29: exit
2024/05/25 09:33:14 [notice] 24#24: exit
2024/05/25 09:33:14 [notice] 23#23: exit
2024/05/25 09:33:14 [notice] 22#22: exit
2024/05/25 09:33:14 [notice] 28#28: exit
2024/05/25 09:33:14 [notice] 31#31: exit
2024/05/25 09:33:14 [notice] 25#25: exit
2024/05/25 09:33:14 [notice] 1#1: signal 17 (SIGCHLD) received from 27
2024/05/25 09:33:14 [notice] 1#1: worker process 27 exited with code 0
2024/05/25 09:33:14 [notice] 1#1: signal 29 (SIGIO) received
2024/05/25 09:33:14 [notice] 1#1: signal 17 (SIGCHLD) received from 29
2024/05/25 09:33:14 [notice] 1#1: worker process 20 exited with code 0
2024/05/25 09:33:14 [notice] 1#1: worker process 21 exited with code 0
2024/05/25 09:33:14 [notice] 1#1: worker process 24 exited with code 0
2024/05/25 09:33:14 [notice] 1#1: worker process 25 exited with code 0
2024/05/25 09:33:14 [notice] 1#1: worker process 26 exited with code 0
2024/05/25 09:33:14 [notice] 1#1: worker process 28 exited with code 0
2024/05/25 09:33:14 [notice] 1#1: worker process 29 exited with code 0
2024/05/25 09:33:14 [notice] 1#1: worker process 30 exited with code 0
2024/05/25 09:33:14 [notice] 1#1: signal 29 (SIGIO) received
2024/05/25 09:33:14 [notice] 1#1: signal 17 (SIGCHLD) received from 31
2024/05/25 09:33:14 [notice] 1#1: worker process 22 exited with code 0
2024/05/25 09:33:14 [notice] 1#1: worker process 23 exited with code 0
2024/05/25 09:33:14 [notice] 1#1: worker process 31 exited with code 0
2024/05/25 09:33:14 [notice] 1#1: exit
2024/05/25 09:33:28 [notice] 1#1: using the "epoll" event method
2024/05/25 09:33:28 [notice] 1#1: nginx/1.25.5
2024/05/25 09:33:28 [notice] 1#1: built by gcc 13.2.1 20231014 (Alpine 13.2.1_git20231014) 
2024/05/25 09:33:28 [notice] 1#1: OS: Linux 5.15.133.1-microsoft-standard-WSL2
2024/05/25 09:33:28 [notice] 1#1: getrlimit(RLIMIT_NOFILE): 1048576:1048576
2024/05/25 09:33:28 [notice] 1#1: start worker processes
2024/05/25 09:33:28 [notice] 1#1: start worker process 20
2024/05/25 09:33:28 [notice] 1#1: start worker process 21
2024/05/25 09:33:28 [notice] 1#1: start worker process 22
2024/05/25 09:33:28 [notice] 1#1: start worker process 23
2024/05/25 09:33:28 [notice] 1#1: start worker process 24
2024/05/25 09:33:28 [notice] 1#1: start worker process 25
2024/05/25 09:33:28 [notice] 1#1: start worker process 26
2024/05/25 09:33:28 [notice] 1#1: start worker process 27
2024/05/25 09:33:28 [notice] 1#1: start worker process 28
2024/05/25 09:33:28 [notice] 1#1: start worker process 29
2024/05/25 09:33:28 [notice] 1#1: start worker process 30
2024/05/25 09:33:28 [notice] 1#1: start worker process 31
2024/05/25 09:40:45 [notice] 1#1: signal 3 (SIGQUIT) received, shutting down
2024/05/25 09:40:45 [notice] 21#21: gracefully shutting down
2024/05/25 09:40:45 [notice] 29#29: gracefully shutting down
2024/05/25 09:40:45 [notice] 20#20: gracefully shutting down
2024/05/25 09:40:45 [notice] 22#22: gracefully shutting down
2024/05/25 09:40:45 [notice] 23#23: gracefully shutting down
2024/05/25 09:40:45 [notice] 24#24: gracefully shutting down
2024/05/25 09:40:45 [notice] 25#25: gracefully shutting down
2024/05/25 09:40:45 [notice] 27#27: gracefully shutting down
2024/05/25 09:40:45 [notice] 30#30: gracefully shutting down
2024/05/25 09:40:45 [notice] 26#26: gracefully shutting down
2024/05/25 09:40:45 [notice] 30#30: exiting
2024/05/25 09:40:45 [notice] 28#28: gracefully shutting down
2024/05/25 09:40:45 [notice] 31#31: gracefully shutting down
2024/05/25 09:40:45 [notice] 21#21: exiting
2024/05/25 09:40:45 [notice] 31#31: exiting
2024/05/25 09:40:45 [notice] 29#29: exiting
2024/05/25 09:40:45 [notice] 20#20: exiting
2024/05/25 09:40:45 [notice] 22#22: exiting
2024/05/25 09:40:45 [notice] 23#23: exiting
2024/05/25 09:40:45 [notice] 24#24: exiting
2024/05/25 09:40:45 [notice] 25#25: exiting
2024/05/25 09:40:45 [notice] 27#27: exiting
2024/05/25 09:40:45 [notice] 25#25: exit
2024/05/25 09:40:45 [notice] 26#26: exiting
2024/05/25 09:40:45 [notice] 28#28: exiting
2024/05/25 09:40:45 [notice] 26#26: exit
2024/05/25 09:40:45 [notice] 30#30: exit
2024/05/25 09:40:45 [notice] 21#21: exit
2024/05/25 09:40:45 [notice] 31#31: exit
2024/05/25 09:40:45 [notice] 29#29: exit
2024/05/25 09:40:45 [notice] 20#20: exit
2024/05/25 09:40:45 [notice] 22#22: exit
2024/05/25 09:40:45 [notice] 23#23: exit
2024/05/25 09:40:45 [notice] 24#24: exit
2024/05/25 09:40:45 [notice] 27#27: exit
2024/05/25 09:40:45 [notice] 28#28: exit
2024/05/25 09:40:45 [notice] 1#1: signal 17 (SIGCHLD) received from 27
2024/05/25 09:40:45 [notice] 1#1: worker process 22 exited with code 0
2024/05/25 09:40:45 [notice] 1#1: worker process 20 exited with code 0
2024/05/25 09:40:45 [notice] 1#1: worker process 23 exited with code 0
2024/05/25 09:40:45 [notice] 1#1: worker process 24 exited with code 0
2024/05/25 09:40:45 [notice] 1#1: worker process 25 exited with code 0
2024/05/25 09:40:45 [notice] 1#1: worker process 26 exited with code 0
2024/05/25 09:40:45 [notice] 1#1: worker process 21 exited with code 0
2024/05/25 09:40:45 [notice] 1#1: worker process 27 exited with code 0
2024/05/25 09:40:45 [notice] 1#1: worker process 28 exited with code 0
2024/05/25 09:40:45 [notice] 1#1: worker process 29 exited with code 0
2024/05/25 09:40:45 [notice] 1#1: worker process 30 exited with code 0
2024/05/25 09:40:45 [notice] 1#1: worker process 31 exited with code 0
2024/05/25 09:40:45 [notice] 1#1: exit
2024/05/25 09:44:56 [notice] 1#1: using the "epoll" event method
2024/05/25 09:44:56 [notice] 1#1: nginx/1.25.5
2024/05/25 09:44:56 [notice] 1#1: built by gcc 13.2.1 20231014 (Alpine 13.2.1_git20231014) 
2024/05/25 09:44:56 [notice] 1#1: OS: Linux 5.15.133.1-microsoft-standard-WSL2
2024/05/25 09:44:56 [notice] 1#1: getrlimit(RLIMIT_NOFILE): 1048576:1048576
2024/05/25 09:44:56 [notice] 1#1: start worker processes
2024/05/25 09:44:56 [notice] 1#1: start worker process 20
2024/05/25 09:44:56 [notice] 1#1: start worker process 21
2024/05/25 09:44:56 [notice] 1#1: start worker process 22
2024/05/25 09:44:56 [notice] 1#1: start worker process 23
2024/05/25 09:44:56 [notice] 1#1: start worker process 24
2024/05/25 09:44:56 [notice] 1#1: start worker process 25
2024/05/25 09:44:56 [notice] 1#1: start worker process 26
2024/05/25 09:44:56 [notice] 1#1: start worker process 27
2024/05/25 09:44:56 [notice] 1#1: start worker process 28
2024/05/25 09:44:56 [notice] 1#1: start worker process 29
2024/05/25 09:44:56 [notice] 1#1: start worker process 30
2024/05/25 09:44:56 [notice] 1#1: start worker process 31
2024/05/25 09:55:06 [notice] 1#1: signal 3 (SIGQUIT) received, shutting down
2024/05/25 09:55:06 [notice] 20#20: gracefully shutting down
2024/05/25 09:55:06 [notice] 31#31: gracefully shutting down
2024/05/25 09:55:06 [notice] 21#21: gracefully shutting down
2024/05/25 09:55:06 [notice] 22#22: gracefully shutting down
2024/05/25 09:55:06 [notice] 21#21: exiting
2024/05/25 09:55:06 [notice] 24#24: gracefully shutting down
2024/05/25 09:55:06 [notice] 25#25: gracefully shutting down
2024/05/25 09:55:06 [notice] 26#26: gracefully shutting down
2024/05/25 09:55:06 [notice] 27#27: gracefully shutting down
2024/05/25 09:55:06 [notice] 26#26: exiting
2024/05/25 09:55:06 [notice] 28#28: gracefully shutting down
2024/05/25 09:55:06 [notice] 26#26: exit
2024/05/25 09:55:06 [notice] 23#23: gracefully shutting down
2024/05/25 09:55:06 [notice] 29#29: gracefully shutting down
2024/05/25 09:55:06 [notice] 30#30: gracefully shutting down
2024/05/25 09:55:06 [notice] 20#20: exiting
2024/05/25 09:55:06 [notice] 30#30: exiting
2024/05/25 09:55:06 [notice] 31#31: exiting
2024/05/25 09:55:06 [notice] 22#22: exiting
2024/05/25 09:55:06 [notice] 24#24: exiting
2024/05/25 09:55:06 [notice] 21#21: exit
2024/05/25 09:55:06 [notice] 25#25: exiting
2024/05/25 09:55:06 [notice] 27#27: exiting
2024/05/25 09:55:06 [notice] 28#28: exiting
2024/05/25 09:55:06 [notice] 23#23: exiting
2024/05/25 09:55:06 [notice] 29#29: exiting
2024/05/25 09:55:06 [notice] 20#20: exit
2024/05/25 09:55:06 [notice] 30#30: exit
2024/05/25 09:55:06 [notice] 31#31: exit
2024/05/25 09:55:06 [notice] 22#22: exit
2024/05/25 09:55:06 [notice] 24#24: exit
2024/05/25 09:55:06 [notice] 25#25: exit
2024/05/25 09:55:06 [notice] 27#27: exit
2024/05/25 09:55:06 [notice] 28#28: exit
2024/05/25 09:55:06 [notice] 23#23: exit
2024/05/25 09:55:06 [notice] 29#29: exit
2024/05/25 09:55:06 [notice] 1#1: signal 17 (SIGCHLD) received from 27
2024/05/25 09:55:06 [notice] 1#1: worker process 27 exited with code 0
2024/05/25 09:55:06 [notice] 1#1: signal 29 (SIGIO) received
2024/05/25 09:55:06 [notice] 1#1: signal 17 (SIGCHLD) received from 25
2024/05/25 09:55:06 [notice] 1#1: worker process 20 exited with code 0
2024/05/25 09:55:06 [notice] 1#1: worker process 24 exited with code 0
2024/05/25 09:55:06 [notice] 1#1: worker process 25 exited with code 0
2024/05/25 09:55:06 [notice] 1#1: worker process 26 exited with code 0
2024/05/25 09:55:06 [notice] 1#1: worker process 29 exited with code 0
2024/05/25 09:55:06 [notice] 1#1: worker process 30 exited with code 0
2024/05/25 09:55:06 [notice] 1#1: signal 29 (SIGIO) received
2024/05/25 09:55:06 [notice] 1#1: signal 17 (SIGCHLD) received from 26
2024/05/25 09:55:06 [notice] 1#1: signal 17 (SIGCHLD) received from 21
2024/05/25 09:55:06 [notice] 1#1: worker process 21 exited with code 0
2024/05/25 09:55:06 [notice] 1#1: worker process 23 exited with code 0
2024/05/25 09:55:06 [notice] 1#1: worker process 28 exited with code 0
2024/05/25 09:55:06 [notice] 1#1: signal 29 (SIGIO) received
2024/05/25 09:55:06 [notice] 1#1: signal 17 (SIGCHLD) received from 28
2024/05/25 09:55:06 [notice] 1#1: signal 17 (SIGCHLD) received from 31
2024/05/25 09:55:06 [notice] 1#1: worker process 22 exited with code 0
2024/05/25 09:55:06 [notice] 1#1: worker process 31 exited with code 0
2024/05/25 09:55:06 [notice] 1#1: exit
2024/05/25 09:55:07 [emerg] 1#1: host not found in upstream "app" in /etc/nginx/conf.d/covoiturage.conf:10
2024/05/25 09:55:13 [emerg] 1#1: host not found in upstream "app" in /etc/nginx/conf.d/covoiturage.conf:10
2024/05/25 09:55:18 [emerg] 1#1: host not found in upstream "app" in /etc/nginx/conf.d/covoiturage.conf:10
2024/05/25 09:55:23 [emerg] 1#1: host not found in upstream "app" in /etc/nginx/conf.d/covoiturage.conf:10
2024/05/25 09:55:29 [emerg] 1#1: host not found in upstream "app" in /etc/nginx/conf.d/covoiturage.conf:10
2024/05/25 09:55:36 [emerg] 1#1: host not found in upstream "app" in /etc/nginx/conf.d/covoiturage.conf:10
2024/05/25 09:55:44 [emerg] 1#1: host not found in upstream "app" in /etc/nginx/conf.d/covoiturage.conf:10
2024/05/25 09:55:56 [emerg] 1#1: host not found in upstream "app" in /etc/nginx/conf.d/covoiturage.conf:10
2024/05/25 09:56:14 [emerg] 1#1: host not found in upstream "app" in /etc/nginx/conf.d/covoiturage.conf:10
2024/05/25 09:56:44 [emerg] 1#1: host not found in upstream "app" in /etc/nginx/conf.d/covoiturage.conf:10
2024/05/25 09:57:41 [emerg] 1#1: host not found in upstream "app" in /etc/nginx/conf.d/covoiturage.conf:10
2024/05/25 09:57:58 [notice] 1#1: using the "epoll" event method
2024/05/25 09:57:58 [notice] 1#1: nginx/1.25.5
2024/05/25 09:57:58 [notice] 1#1: built by gcc 13.2.1 20231014 (Alpine 13.2.1_git20231014) 
2024/05/25 09:57:58 [notice] 1#1: OS: Linux 5.15.133.1-microsoft-standard-WSL2
2024/05/25 09:57:58 [notice] 1#1: getrlimit(RLIMIT_NOFILE): 1048576:1048576
2024/05/25 09:57:58 [notice] 1#1: start worker processes
2024/05/25 09:57:58 [notice] 1#1: start worker process 20
2024/05/25 09:57:58 [notice] 1#1: start worker process 21
2024/05/25 09:57:58 [notice] 1#1: start worker process 22
2024/05/25 09:57:58 [notice] 1#1: start worker process 23
2024/05/25 09:57:58 [notice] 1#1: start worker process 24
2024/05/25 09:57:58 [notice] 1#1: start worker process 25
2024/05/25 09:57:58 [notice] 1#1: start worker process 26
2024/05/25 09:57:58 [notice] 1#1: start worker process 27
2024/05/25 09:57:58 [notice] 1#1: start worker process 28
2024/05/25 09:57:58 [notice] 1#1: start worker process 29
2024/05/25 09:57:58 [notice] 1#1: start worker process 30
2024/05/25 09:57:58 [notice] 1#1: start worker process 31
2024/05/25 10:06:00 [notice] 1#1: signal 3 (SIGQUIT) received, shutting down
2024/05/25 10:06:00 [notice] 21#21: gracefully shutting down
2024/05/25 10:06:00 [notice] 31#31: gracefully shutting down
2024/05/25 10:06:00 [notice] 20#20: gracefully shutting down
2024/05/25 10:06:00 [notice] 22#22: gracefully shutting down
2024/05/25 10:06:00 [notice] 23#23: gracefully shutting down
2024/05/25 10:06:00 [notice] 24#24: gracefully shutting down
2024/05/25 10:06:00 [notice] 26#26: gracefully shutting down
2024/05/25 10:06:00 [notice] 25#25: gracefully shutting down
2024/05/25 10:06:00 [notice] 27#27: gracefully shutting down
2024/05/25 10:06:00 [notice] 28#28: gracefully shutting down
2024/05/25 10:06:00 [notice] 29#29: gracefully shutting down
2024/05/25 10:06:00 [notice] 30#30: gracefully shutting down
2024/05/25 10:06:00 [notice] 21#21: exiting
2024/05/25 10:06:00 [notice] 31#31: exiting
2024/05/25 10:06:00 [notice] 20#20: exiting
2024/05/25 10:06:00 [notice] 22#22: exiting
2024/05/25 10:06:00 [notice] 23#23: exiting
2024/05/25 10:06:00 [notice] 24#24: exiting
2024/05/25 10:06:00 [notice] 26#26: exiting
2024/05/25 10:06:00 [notice] 24#24: exit
2024/05/25 10:06:00 [notice] 26#26: exit
2024/05/25 10:06:00 [notice] 25#25: exiting
2024/05/25 10:06:00 [notice] 27#27: exiting
2024/05/25 10:06:00 [notice] 28#28: exiting
2024/05/25 10:06:00 [notice] 29#29: exiting
2024/05/25 10:06:00 [notice] 30#30: exiting
2024/05/25 10:06:00 [notice] 21#21: exit
2024/05/25 10:06:00 [notice] 31#31: exit
2024/05/25 10:06:00 [notice] 20#20: exit
2024/05/25 10:06:00 [notice] 22#22: exit
2024/05/25 10:06:00 [notice] 23#23: exit
2024/05/25 10:06:00 [notice] 25#25: exit
2024/05/25 10:06:00 [notice] 27#27: exit
2024/05/25 10:06:00 [notice] 28#28: exit
2024/05/25 10:06:00 [notice] 29#29: exit
2024/05/25 10:06:00 [notice] 30#30: exit
2024/05/25 10:06:00 [notice] 1#1: signal 17 (SIGCHLD) received from 26
2024/05/25 10:06:00 [notice] 1#1: worker process 21 exited with code 0
2024/05/25 10:06:00 [notice] 1#1: worker process 22 exited with code 0
2024/05/25 10:06:00 [notice] 1#1: worker process 25 exited with code 0
2024/05/25 10:06:00 [notice] 1#1: worker process 26 exited with code 0
2024/05/25 10:06:00 [notice] 1#1: worker process 27 exited with code 0
2024/05/25 10:06:00 [notice] 1#1: worker process 29 exited with code 0
2024/05/25 10:06:00 [notice] 1#1: signal 29 (SIGIO) received
2024/05/25 10:06:00 [notice] 1#1: signal 17 (SIGCHLD) received from 28
2024/05/25 10:06:00 [notice] 1#1: worker process 20 exited with code 0
2024/05/25 10:06:00 [notice] 1#1: worker process 28 exited with code 0
2024/05/25 10:06:00 [notice] 1#1: signal 29 (SIGIO) received
2024/05/25 10:06:00 [notice] 1#1: signal 17 (SIGCHLD) received from 20
2024/05/25 10:06:00 [notice] 1#1: signal 17 (SIGCHLD) received from 31
2024/05/25 10:06:00 [notice] 1#1: worker process 23 exited with code 0
2024/05/25 10:06:00 [notice] 1#1: worker process 24 exited with code 0
2024/05/25 10:06:00 [notice] 1#1: worker process 30 exited with code 0
2024/05/25 10:06:00 [notice] 1#1: worker process 31 exited with code 0
2024/05/25 10:06:00 [notice] 1#1: exit
2024/05/25 10:06:25 [notice] 1#1: using the "epoll" event method
2024/05/25 10:06:25 [notice] 1#1: nginx/1.25.5
2024/05/25 10:06:25 [notice] 1#1: built by gcc 13.2.1 20231014 (Alpine 13.2.1_git20231014) 
2024/05/25 10:06:25 [notice] 1#1: OS: Linux 5.15.133.1-microsoft-standard-WSL2
2024/05/25 10:06:25 [notice] 1#1: getrlimit(RLIMIT_NOFILE): 1048576:1048576
2024/05/25 10:06:25 [notice] 1#1: start worker processes
2024/05/25 10:06:25 [notice] 1#1: start worker process 20
2024/05/25 10:06:25 [notice] 1#1: start worker process 21
2024/05/25 10:06:25 [notice] 1#1: start worker process 22
2024/05/25 10:06:25 [notice] 1#1: start worker process 23
2024/05/25 10:06:25 [notice] 1#1: start worker process 24
2024/05/25 10:06:25 [notice] 1#1: start worker process 25
2024/05/25 10:06:25 [notice] 1#1: start worker process 26
2024/05/25 10:06:25 [notice] 1#1: start worker process 27
2024/05/25 10:06:25 [notice] 1#1: start worker process 28
2024/05/25 10:06:25 [notice] 1#1: start worker process 29
2024/05/25 10:06:25 [notice] 1#1: start worker process 30
2024/05/25 10:06:25 [notice] 1#1: start worker process 31
2024/05/31 06:29:12 [notice] 1#1: using the "epoll" event method
2024/05/31 06:29:12 [notice] 1#1: nginx/1.25.5
2024/05/31 06:29:12 [notice] 1#1: built by gcc 13.2.1 20231014 (Alpine 13.2.1_git20231014) 
2024/05/31 06:29:12 [notice] 1#1: OS: Linux 5.15.146.1-microsoft-standard-WSL2
2024/05/31 06:29:12 [notice] 1#1: getrlimit(RLIMIT_NOFILE): 1048576:1048576
2024/05/31 06:29:12 [notice] 1#1: start worker processes
2024/05/31 06:29:12 [notice] 1#1: start worker process 20
2024/05/31 06:29:12 [notice] 1#1: start worker process 21
2024/05/31 06:29:12 [notice] 1#1: start worker process 22
2024/05/31 06:29:12 [notice] 1#1: start worker process 23
2024/05/31 06:29:12 [notice] 1#1: start worker process 24
2024/05/31 06:29:12 [notice] 1#1: start worker process 25
2024/05/31 06:29:12 [notice] 1#1: start worker process 26
2024/05/31 06:29:12 [notice] 1#1: start worker process 27
2024/05/31 06:29:12 [notice] 1#1: start worker process 28
2024/05/31 06:29:12 [notice] 1#1: start worker process 29
2024/05/31 06:29:12 [notice] 1#1: start worker process 30
2024/05/31 06:29:12 [notice] 1#1: start worker process 31
2024/05/31 06:29:12 [notice] 1#1: start worker process 32
2024/05/31 06:29:12 [notice] 1#1: start worker process 33
2024/05/31 06:29:12 [notice] 1#1: start worker process 34
2024/05/31 06:29:12 [notice] 1#1: start worker process 35
2024/05/31 06:29:12 [notice] 1#1: start worker process 36
2024/05/31 06:29:12 [notice] 1#1: start worker process 37
2024/05/31 06:29:12 [notice] 1#1: start worker process 38
2024/05/31 06:29:12 [notice] 1#1: start worker process 39
2024/05/31 07:07:36 [notice] 1#1: using the "epoll" event method
2024/05/31 07:07:36 [notice] 1#1: nginx/1.25.5
2024/05/31 07:07:36 [notice] 1#1: built by gcc 13.2.1 20231014 (Alpine 13.2.1_git20231014) 
2024/05/31 07:07:36 [notice] 1#1: OS: Linux 5.15.146.1-microsoft-standard-WSL2
2024/05/31 07:07:36 [notice] 1#1: getrlimit(RLIMIT_NOFILE): 1048576:1048576
2024/05/31 07:07:36 [notice] 1#1: start worker processes
2024/05/31 07:07:36 [notice] 1#1: start worker process 20
2024/05/31 07:07:36 [notice] 1#1: start worker process 21
2024/05/31 07:07:36 [notice] 1#1: start worker process 22
2024/05/31 07:07:36 [notice] 1#1: start worker process 23
2024/05/31 07:07:36 [notice] 1#1: start worker process 24
2024/05/31 07:07:36 [notice] 1#1: start worker process 25
2024/05/31 07:07:36 [notice] 1#1: start worker process 26
2024/05/31 07:07:36 [notice] 1#1: start worker process 27
2024/05/31 07:07:36 [notice] 1#1: start worker process 28
2024/05/31 07:07:36 [notice] 1#1: start worker process 29
2024/05/31 07:07:36 [notice] 1#1: start worker process 30
2024/05/31 07:07:36 [notice] 1#1: start worker process 31
2024/05/31 07:07:36 [notice] 1#1: start worker process 32
2024/05/31 07:07:36 [notice] 1#1: start worker process 33
2024/05/31 07:07:36 [notice] 1#1: start worker process 34
2024/05/31 07:07:36 [notice] 1#1: start worker process 35
2024/05/31 07:07:36 [notice] 1#1: start worker process 36
2024/05/31 07:07:36 [notice] 1#1: start worker process 37
2024/05/31 07:07:36 [notice] 1#1: start worker process 38
2024/05/31 07:07:36 [notice] 1#1: start worker process 39
